<?xml version="1.0" encoding="UTF-8"?>
<!-- Generated by org.testng.reporters.JUnitReportReporter -->
<testsuite skipped="0" hostname="DESKTOP-5676KI8" name="basicTest.CaliberHome" tests="1" failures="0" timestamp="03 Oct 2018 19:28:48 GMT" time="2.722" errors="0">
  <testcase name="login" time="2.722" classname="basicTest.CaliberHome"/>
</testsuite> <!-- basicTest.CaliberHome -->
