<?xml version="1.0" encoding="UTF-8"?>
<!-- Generated by org.testng.reporters.JUnitReportReporter -->
<testsuite skipped="0" hostname="LAPTOP-F3S829MQ" name="basicTest.CaliberLogin" tests="2" failures="0" timestamp="04 Oct 2018 18:14:31 GMT" time="7.719" errors="0">
  <testcase name="login" time="4.965" classname="basicTest.CaliberLogin"/>
  <testcase name="invalidLogin" time="2.754" classname="basicTest.CaliberLogin"/>
</testsuite> <!-- basicTest.CaliberLogin -->
