<?xml version="1.0" encoding="UTF-8"?>
<!-- Generated by org.testng.reporters.JUnitReportReporter -->
<testsuite skipped="0" hostname="LAPTOP-F3S829MQ" name="basicTest.CaliberAssessBatch" tests="1" failures="0" timestamp="04 Oct 2018 19:09:21 GMT" time="5.046" errors="0">
  <testcase name="navigateToAssess" time="5.046" classname="basicTest.CaliberAssessBatch"/>
</testsuite> <!-- basicTest.CaliberAssessBatch -->
