<?xml version="1.0" encoding="UTF-8"?>
<!-- Generated by org.testng.reporters.JUnitReportReporter -->
<testsuite skipped="0" hostname="DESKTOP-5676KI8" name="basicTest.CaliberLogin" tests="2" failures="0" timestamp="04 Oct 2018 14:42:35 GMT" time="3.967" errors="0">
  <testcase name="login" time="2.541" classname="basicTest.CaliberLogin"/>
  <testcase name="invalidLogin" time="1.426" classname="basicTest.CaliberLogin"/>
</testsuite> <!-- basicTest.CaliberLogin -->
